app/seeds.txt
com.arts.amanda.data.Arts: java.lang.String image
com.arts.amanda.data.DataState$Error: int hashCode()
com.arts.amanda.data.DataState$Success: com.arts.amanda.data.DataState$Success copy$default(com.arts.amanda.data.DataState$Success,java.lang.Object,int,java.lang.Object)
com.arts.amanda.data.Arts: Arts(java.lang.String,java.lang.String,java.lang.String,java.lang.String)
com.arts.amanda.data.Arts: com.arts.amanda.data.Arts copy(java.lang.String,java.lang.String,java.lang.String,java.lang.String)
com.arts.amanda.data.DataState$Success
com.arts.amanda.ui.MainActivity: MainActivity()
com.arts.amanda.ui.MainActivity
com.arts.amanda.data.DataState$Error: com.arts.amanda.data.DataState$Error copy(java.lang.Object)
com.arts.amanda.data.Arts: java.lang.String getDescription()
com.arts.amanda.data.Arts
com.arts.amanda.data.DataState$Success: java.lang.Object data
com.arts.amanda.ui.tabs.ProfileFragment
com.arts.amanda.data.Arts: java.lang.String component1()
com.arts.amanda.data.Arts: int hashCode()
com.arts.amanda.data.DataState$Loading: com.arts.amanda.data.DataState$Loading INSTANCE
com.arts.amanda.data.Arts: java.lang.String component4()
com.arts.amanda.data.DataState$Error: java.lang.Object component1()
com.arts.amanda.data.DataState$Success: com.arts.amanda.data.DataState$Success copy(java.lang.Object)
com.arts.amanda.data.Arts: java.lang.String getDate()
com.arts.amanda.data.Arts: java.lang.String getTitle()
com.arts.amanda.AmandaApplication: AmandaApplication()
com.arts.amanda.data.Arts: java.lang.String date
com.arts.amanda.data.Arts: java.lang.String component3()
com.arts.amanda.data.DataState$Success: java.lang.Object getData()
com.arts.amanda.data.Arts: java.lang.String component2()
com.arts.amanda.data.Arts: java.lang.String toString()
com.arts.amanda.data.Arts: java.lang.String getImage()
com.arts.amanda.data.DataState$Loading: DataState$Loading()
com.arts.amanda.data.DataState$Error
com.arts.amanda.data.DataState$Success: DataState$Success(java.lang.Object)
com.arts.amanda.data.DataState: DataState(kotlin.jvm.internal.DefaultConstructorMarker)
com.arts.amanda.data.Arts: com.arts.amanda.data.Arts copy$default(com.arts.amanda.data.Arts,java.lang.String,java.lang.String,java.lang.String,java.lang.String,int,java.lang.Object)
com.arts.amanda.data.DataState$Error: boolean equals(java.lang.Object)
com.arts.amanda.data.DataState: DataState()
com.arts.amanda.ui.tabs.upload.UploadFragment
com.arts.amanda.ui.tabs.feed.FeedFragment
com.arts.amanda.data.Arts: Arts(java.lang.String,java.lang.String,java.lang.String,java.lang.String,int,kotlin.jvm.internal.DefaultConstructorMarker)
com.arts.amanda.data.DataState$Loading
com.arts.amanda.data.DataState$Success: java.lang.Object component1()
com.arts.amanda.data.DataState
com.arts.amanda.data.DataState$Error: com.arts.amanda.data.DataState$Error copy$default(com.arts.amanda.data.DataState$Error,java.lang.Object,int,java.lang.Object)
com.arts.amanda.ui.tabs.upload.UploadFragment: UploadFragment()
com.arts.amanda.data.DataState$Error: java.lang.String toString()
com.arts.amanda.data.Arts: Arts()
com.arts.amanda.ui.tabs.feed.FeedFragment$setAdapter$1
com.arts.amanda.data.DataState$Success: java.lang.String toString()
com.arts.amanda.ui.tabs.feed.FeedFragment: FeedFragment()
com.arts.amanda.data.DataState$Error: java.lang.Object getError()
com.arts.amanda.data.DataState$Success: boolean equals(java.lang.Object)
com.arts.amanda.data.Arts: java.lang.String title
com.arts.amanda.data.DataState$Success: int hashCode()
com.arts.amanda.data.DataState$Error: java.lang.Object error
com.arts.amanda.ui.tabs.ProfileFragment: ProfileFragment()
com.arts.amanda.AmandaApplication
com.arts.amanda.data.Arts: boolean equals(java.lang.Object)
com.arts.amanda.data.Arts: java.lang.String description
com.arts.amanda.data.DataState$Error: DataState$Error(java.lang.Object)
...
com.google.firebase.firestore.proto.MaybeDocument: int NO_DOCUMENT_FIELD_NUMBER
com.google.android.material.textfield.TextInputLayout: void setErrorIconOnLongClickListener(android.view.View$OnLongClickListener)
androidx.lifecycle.EmptyActivityLifecycleCallbacks: void onActivityStarted(android.app.Activity)
kotlin.reflect.jvm.internal.impl.descriptors.Modality: kotlin.reflect.jvm.internal.impl.descriptors.Modality valueOf(java.lang.String)
com.google.android.datatransport.runtime.scheduling.jobscheduling.JobInfoSchedulerService: JobInfoSchedulerService()
com.google.android.gms.measurement.AppMeasurement: long generateEventId()
com.google.android.material.textfield.TextInputLayout: float getBoxCornerRadiusBottomStart()
com.google.firebase.crashlytics.internal.model.CrashlyticsReport$Type: com.google.firebase.crashlytics.internal.model.CrashlyticsReport$Type valueOf(java.lang.String)
androidx.lifecycle.LifecycleDispatcher$DispatcherActivityCallback: void onActivitySaveInstanceState(android.app.Activity,android.os.Bundle)
com.google.android.material.floatingactionbutton.FloatingActionButton$Behavior: FloatingActionButton$Behavior(android.content.Context,android.util.AttributeSet)
com.google.android.material.imageview.ShapeableImageView: void setStrokeColor(android.content.res.ColorStateList)
androidx.appcompat.widget.ViewStubCompat: ViewStubCompat(android.content.Context,android.util.AttributeSet)
com.google.android.material.chip.Chip: void setHideMotionSpec(com.google.android.material.animation.MotionSpec)
androidx.vectordrawable.graphics.drawable.VectorDrawableCompat$VFullPath: void setFillColor(int)
com.google.android.material.internal.NavigationMenuItemView: NavigationMenuItemView(android.content.Context,android.util.AttributeSet)
com.google.android.material.datepicker.DateValidatorPointForward: android.os.Parcelable$Creator CREATOR
com.google.common.util.concurrent.DirectExecutor: com.google.common.util.concurrent.DirectExecutor valueOf(java.lang.String)
kotlin.reflect.jvm.internal.impl.load.java.lazy.types.JavaTypeFlexibility: kotlin.reflect.jvm.internal.impl.load.java.lazy.types.JavaTypeFlexibility valueOf(java.lang.String)
kotlin.reflect.jvm.internal.impl.descriptors.annotations.KotlinTarget: kotlin.reflect.jvm.internal.impl.descriptors.annotations.KotlinTarget valueOf(java.lang.String)
com.google.firestore.v1.Document: int NAME_FIELD_NUMBER
com.google.android.material.transformation.FabTransformationSheetBehavior
androidx.lifecycle.LifecycleController$observer$1
com.google.android.gms.measurement.internal.AppMeasurementDynamiteService: void getUserProperties(java.lang.String,java.lang.String,boolean,com.google.android.gms.internal.measurement.zzw)
com.google.android.material.textfield.TextInputLayout: android.graphics.drawable.Drawable getPasswordVisibilityToggleDrawable()
com.google.firebase.storage.ktx.FirebaseStorageKtxRegistrar: FirebaseStorageKtxRegistrar()
com.google.android.gms.internal.measurement.zzbv$zze: boolean zzh
com.google.android.gms.measurement.internal.AppMeasurementDynamiteService: void setUserProperty(java.lang.String,java.lang.String,com.google.android.gms.dynamic.IObjectWrapper,boolean,long)
android.support.v4.media.session.ParcelableVolumeInfo
androidx.appcompat.widget.Toolbar: void setTitleMarginStart(int)
com.google.android.material.textfield.TextInputLayout: void setPrefixText(java.lang.CharSequence)
com.google.android.material.bottomnavigation.BottomNavigationItemView: void setChecked(boolean)
com.google.android.material.textfield.TextInputLayout: void setEndIconOnLongClickListener(android.view.View$OnLongClickListener)
com.google.android.material.internal.NavigationMenuItemView: void setCheckable(boolean)
com.google.type.LatLng: double longitude_
com.google.android.material.card.MaterialCardView: float getRadius()
kotlinx.coroutines.scheduling.WorkQueue: int producerIndex
androidx.core.widget.NestedScrollView: int getNestedScrollAxes()